0 info it worked if it ends with ok
1 verbose cli [ '/usr/bin/node',
1 verbose cli   '/usr/bin/npm',
1 verbose cli   'install',
1 verbose cli   'karma-intellij',
1 verbose cli   '--save-dev' ]
2 info using npm@2.0.2
3 info using node@v0.10.32
4 warn package.json owncloud-chat@0.2.1 No repository field.
5 warn package.json jasmine@2.0.1 No README data
6 verbose readDependencies using package.json deps
7 verbose cache add [ 'karma-intellij', null ]
8 verbose cache add spec="karma-intellij" args=["karma-intellij",null]
9 verbose parsed spec { raw: 'karma-intellij',
9 verbose parsed spec   scope: null,
9 verbose parsed spec   name: 'karma-intellij',
9 verbose parsed spec   rawSpec: '',
9 verbose parsed spec   spec: '*',
9 verbose parsed spec   type: 'range' }
10 verbose parsed spec { raw: 'karma-intellij',
10 verbose parsed spec   scope: null,
10 verbose parsed spec   name: 'karma-intellij',
10 verbose parsed spec   rawSpec: '',
10 verbose parsed spec   spec: '*',
10 verbose parsed spec   type: 'range' }
11 verbose addNamed [ 'karma-intellij', '*' ]
12 verbose addNamed [ null, '*' ]
13 silly lockFile d49863a9-karma-intellij karma-intellij@*
14 verbose lock karma-intellij@* /home/tobia/.npm/d49863a9-karma-intellij.lock
15 silly addNameRange { name: 'karma-intellij', range: '*', hasData: false }
16 verbose mapToRegistry name karma-intellij
17 verbose mapToRegistry uri https://registry.npmjs.org/karma-intellij
18 verbose request on initialization, where is /karma-intellij
19 verbose request after pass 1, where is /karma-intellij
20 verbose request url raw /karma-intellij
21 verbose request resolving registry [ 'https://registry.npmjs.org/', './karma-intellij' ]
22 verbose request after pass 2, where is https://registry.npmjs.org/karma-intellij
23 verbose request no auth needed
24 info attempt registry request try #1 at 10:48:02
25 verbose request id b53f05066b3b2d32
26 http request GET https://registry.npmjs.org/karma-intellij
27 http 404 https://registry.npmjs.org/karma-intellij
28 verbose headers { date: 'Sun, 28 Sep 2014 08:48:03 GMT',
28 verbose headers   server: 'CouchDB/1.5.0 (Erlang OTP/R16B03)',
28 verbose headers   'content-type': 'application/json',
28 verbose headers   'cache-control': 'max-age=0',
28 verbose headers   'content-length': '52',
28 verbose headers   'accept-ranges': 'bytes',
28 verbose headers   via: '1.1 varnish',
28 verbose headers   age: '0',
28 verbose headers   'x-served-by': 'cache-ams4135-AMS',
28 verbose headers   'x-cache': 'MISS',
28 verbose headers   'x-cache-hits': '0',
28 verbose headers   'x-timer': 'S1411894082.860013,VS0,VE1120',
28 verbose headers   'keep-alive': 'timeout=10, max=50',
28 verbose headers   connection: 'Keep-Alive' }
29 silly registry.get cb [ 404,
29 silly registry.get   { date: 'Sun, 28 Sep 2014 08:48:03 GMT',
29 silly registry.get     server: 'CouchDB/1.5.0 (Erlang OTP/R16B03)',
29 silly registry.get     'content-type': 'application/json',
29 silly registry.get     'cache-control': 'max-age=0',
29 silly registry.get     'content-length': '52',
29 silly registry.get     'accept-ranges': 'bytes',
29 silly registry.get     via: '1.1 varnish',
29 silly registry.get     age: '0',
29 silly registry.get     'x-served-by': 'cache-ams4135-AMS',
29 silly registry.get     'x-cache': 'MISS',
29 silly registry.get     'x-cache-hits': '0',
29 silly registry.get     'x-timer': 'S1411894082.860013,VS0,VE1120',
29 silly registry.get     'keep-alive': 'timeout=10, max=50',
29 silly registry.get     connection: 'Keep-Alive' } ]
30 silly lockFile d49863a9-karma-intellij karma-intellij@*
31 silly lockFile d49863a9-karma-intellij karma-intellij@*
32 verbose stack Error: 404 Not Found: karma-intellij
32 verbose stack     at RegClient.<anonymous> (/usr/lib/node_modules/npm/node_modules/npm-registry-client/lib/request.js:258:14)
32 verbose stack     at Request._callback (/usr/lib/node_modules/npm/node_modules/npm-registry-client/lib/request.js:197:65)
32 verbose stack     at Request.self.callback (/usr/lib/node_modules/npm/node_modules/request/request.js:237:22)
32 verbose stack     at Request.emit (events.js:98:17)
32 verbose stack     at Request.<anonymous> (/usr/lib/node_modules/npm/node_modules/request/request.js:1146:14)
32 verbose stack     at Request.emit (events.js:117:20)
32 verbose stack     at IncomingMessage.<anonymous> (/usr/lib/node_modules/npm/node_modules/request/request.js:1097:12)
32 verbose stack     at IncomingMessage.emit (events.js:117:20)
32 verbose stack     at _stream_readable.js:943:16
32 verbose stack     at process._tickCallback (node.js:419:13)
33 verbose statusCode 404
34 verbose pkgid karma-intellij
35 verbose cwd /home/tobia/Workspace/chat/app/apps/chat
36 error Linux 3.16.3-1-ARCH
37 error argv "/usr/bin/node" "/usr/bin/npm" "install" "karma-intellij" "--save-dev"
38 error node v0.10.32
39 error npm  v2.0.2
40 error code E404
41 error 404 Not Found: karma-intellij
41 error 404
41 error 404 'karma-intellij' is not in the npm registry.
41 error 404 You should bug the author to publish it (or use the name yourself!)
41 error 404 It was specified as a dependency of 'owncloud-chat'
41 error 404
41 error 404 Note that you can also install from a
41 error 404 tarball, folder, http url, or git url.
42 verbose exit [ 1, true ]
